2024-09-30 10:54:39,137 - download_webdav_timetables.py - Base download directory set to: ./downloads/ (24)
2024-09-30 10:54:39,137 - download_webdav_timetables.py - Base download directory set to: ./downloads/ (24)
2024-09-30 10:54:39,138 - download_webdav_timetables.py - Processing URL for 'timetable_1': https://nbl.hsbi.de/elearning/webdav.php/FH-Bielefeld/ref_155901 (27)
2024-09-30 10:54:39,138 - download_webdav_timetables.py - Processing URL for 'timetable_1': https://nbl.hsbi.de/elearning/webdav.php/FH-Bielefeld/ref_155901 (27)
2024-09-30 10:54:39,138 - download_webdav_timetables.py - Download directory for 'timetable_1': ./downloads/timetable_1 (59)
2024-09-30 10:54:39,138 - download_webdav_timetables.py - Download directory for 'timetable_1': ./downloads/timetable_1 (59)
2024-09-30 10:54:40,048 - download_webdav_timetables.py - Retrieved 14 files from 'timetable_1' (63)
2024-09-30 10:54:40,048 - download_webdav_timetables.py - Retrieved 14 files from 'timetable_1' (63)
2024-09-30 10:54:40,048 - download_webdav_timetables.py - Skipped non-PDF file: ref_155901/ (96)
2024-09-30 10:54:40,048 - download_webdav_timetables.py - Skipped non-PDF file: ref_155901/ (96)
2024-09-30 10:54:40,049 - download_webdav_timetables.py - Skipped PDF file (keyword not found): Stundenplan WS_2024_2025_ELM 5.pdf (94)
2024-09-30 10:54:40,049 - download_webdav_timetables.py - Skipped PDF file (keyword not found): Stundenplan WS_2024_2025_ELM 5.pdf (94)
2024-09-30 10:54:40,049 - download_webdav_timetables.py - Skipped PDF file (keyword not found): Stundenplan WS_2024_2025_ELM 7.pdf (94)
2024-09-30 10:54:40,049 - download_webdav_timetables.py - Skipped PDF file (keyword not found): Stundenplan WS_2024_2025_ELM 7.pdf (94)
2024-09-30 10:54:40,049 - download_webdav_timetables.py - Skipped PDF file (keyword not found): Stundenplan WS_2024_2025_ITSE.pdf (94)
2024-09-30 10:54:40,049 - download_webdav_timetables.py - Skipped PDF file (keyword not found): Stundenplan WS_2024_2025_ITSE.pdf (94)
2024-09-30 10:54:40,049 - download_webdav_timetables.py - Skipped PDF file (keyword not found): Stundenplan WS_2024_2025_MBM 1.pdf (94)
2024-09-30 10:54:40,049 - download_webdav_timetables.py - Skipped PDF file (keyword not found): Stundenplan WS_2024_2025_MBM 1.pdf (94)
2024-09-30 10:54:40,049 - download_webdav_timetables.py - Skipped PDF file (keyword not found): Stundenplan WS_2024_2025_MBM 3.pdf (94)
2024-09-30 10:54:40,049 - download_webdav_timetables.py - Skipped PDF file (keyword not found): Stundenplan WS_2024_2025_MBM 3.pdf (94)
2024-09-30 10:54:40,049 - download_webdav_timetables.py - Skipped PDF file (keyword not found): Stundenplan WS_2024_2025_MBM 5.pdf (94)
2024-09-30 10:54:40,049 - download_webdav_timetables.py - Skipped PDF file (keyword not found): Stundenplan WS_2024_2025_MBM 5.pdf (94)
2024-09-30 10:54:40,050 - download_webdav_timetables.py - Attempting to download file: Stundenplan WS_2024_2025_ELM 3.pdf (78)
2024-09-30 10:54:40,050 - download_webdav_timetables.py - Attempting to download file: Stundenplan WS_2024_2025_ELM 3.pdf (78)
2024-09-30 10:54:43,131 - download_webdav_timetables.py - Successfully downloaded 'Stundenplan WS_2024_2025_ELM 3.pdf' to './downloads/timetable_1/Stundenplan WS_2024_2025_ELM 3.pdf' (89)
2024-09-30 10:54:43,131 - download_webdav_timetables.py - Successfully downloaded 'Stundenplan WS_2024_2025_ELM 3.pdf' to './downloads/timetable_1/Stundenplan WS_2024_2025_ELM 3.pdf' (89)
2024-09-30 10:54:43,131 - download_webdav_timetables.py - Skipped PDF file (keyword not found): Stundenplan WS_2024_2025_ELM 1.pdf (94)
2024-09-30 10:54:43,131 - download_webdav_timetables.py - Skipped PDF file (keyword not found): Stundenplan WS_2024_2025_ELM 1.pdf (94)
2024-09-30 10:54:43,131 - download_webdav_timetables.py - Skipped PDF file (keyword not found): Stundenplan WS_2024_2025_WIM 1.pdf (94)
2024-09-30 10:54:43,131 - download_webdav_timetables.py - Skipped PDF file (keyword not found): Stundenplan WS_2024_2025_WIM 1.pdf (94)
2024-09-30 10:54:43,132 - download_webdav_timetables.py - Skipped PDF file (keyword not found): Stundenplan WS_2024_2025_MBM 7.pdf (94)
2024-09-30 10:54:43,132 - download_webdav_timetables.py - Skipped PDF file (keyword not found): Stundenplan WS_2024_2025_MBM 7.pdf (94)
2024-09-30 10:54:43,132 - download_webdav_timetables.py - Skipped PDF file (keyword not found): Stundenplan WS_2024_2025_WIM 3.pdf (94)
2024-09-30 10:54:43,132 - download_webdav_timetables.py - Skipped PDF file (keyword not found): Stundenplan WS_2024_2025_WIM 3.pdf (94)
2024-09-30 10:54:43,132 - download_webdav_timetables.py - Skipped PDF file (keyword not found): Stundenplan WS_2024_2025_WIM 5.pdf (94)
2024-09-30 10:54:43,132 - download_webdav_timetables.py - Skipped PDF file (keyword not found): Stundenplan WS_2024_2025_WIM 5.pdf (94)
2024-09-30 10:54:43,132 - download_webdav_timetables.py - Skipped PDF file (keyword not found): Stundenplan WS_2024_2025_WIM 7.pdf (94)
2024-09-30 10:54:43,132 - download_webdav_timetables.py - Skipped PDF file (keyword not found): Stundenplan WS_2024_2025_WIM 7.pdf (94)
2024-09-30 10:54:43,132 - download_webdav_timetables.py - Processing URL for 'timetable_2': https://nbl.hsbi.de/elearning/webdav.php/FH-Bielefeld/ref_155901 (27)
2024-09-30 10:54:43,132 - download_webdav_timetables.py - Processing URL for 'timetable_2': https://nbl.hsbi.de/elearning/webdav.php/FH-Bielefeld/ref_155901 (27)
2024-09-30 10:54:43,133 - download_webdav_timetables.py - Download directory for 'timetable_2': ./downloads/timetable_2 (59)
2024-09-30 10:54:43,133 - download_webdav_timetables.py - Download directory for 'timetable_2': ./downloads/timetable_2 (59)
2024-09-30 10:54:43,758 - download_webdav_timetables.py - Retrieved 14 files from 'timetable_2' (63)
2024-09-30 10:54:43,758 - download_webdav_timetables.py - Retrieved 14 files from 'timetable_2' (63)
2024-09-30 10:54:43,758 - download_webdav_timetables.py - Skipped non-PDF file: ref_155901/ (96)
2024-09-30 10:54:43,758 - download_webdav_timetables.py - Skipped non-PDF file: ref_155901/ (96)
2024-09-30 10:54:43,758 - download_webdav_timetables.py - Attempting to download file: Stundenplan WS_2024_2025_ELM 5.pdf (78)
2024-09-30 10:54:43,758 - download_webdav_timetables.py - Attempting to download file: Stundenplan WS_2024_2025_ELM 5.pdf (78)
2024-09-30 10:54:46,933 - download_webdav_timetables.py - Successfully downloaded 'Stundenplan WS_2024_2025_ELM 5.pdf' to './downloads/timetable_2/Stundenplan WS_2024_2025_ELM 5.pdf' (89)
2024-09-30 10:54:46,933 - download_webdav_timetables.py - Successfully downloaded 'Stundenplan WS_2024_2025_ELM 5.pdf' to './downloads/timetable_2/Stundenplan WS_2024_2025_ELM 5.pdf' (89)
2024-09-30 10:54:46,933 - download_webdav_timetables.py - Skipped PDF file (keyword not found): Stundenplan WS_2024_2025_ELM 7.pdf (94)
2024-09-30 10:54:46,933 - download_webdav_timetables.py - Skipped PDF file (keyword not found): Stundenplan WS_2024_2025_ELM 7.pdf (94)
2024-09-30 10:54:46,933 - download_webdav_timetables.py - Skipped PDF file (keyword not found): Stundenplan WS_2024_2025_ITSE.pdf (94)
2024-09-30 10:54:46,933 - download_webdav_timetables.py - Skipped PDF file (keyword not found): Stundenplan WS_2024_2025_ITSE.pdf (94)
2024-09-30 10:54:46,933 - download_webdav_timetables.py - Skipped PDF file (keyword not found): Stundenplan WS_2024_2025_MBM 1.pdf (94)
2024-09-30 10:54:46,933 - download_webdav_timetables.py - Skipped PDF file (keyword not found): Stundenplan WS_2024_2025_MBM 1.pdf (94)
2024-09-30 10:54:46,933 - download_webdav_timetables.py - Skipped PDF file (keyword not found): Stundenplan WS_2024_2025_MBM 3.pdf (94)
2024-09-30 10:54:46,933 - download_webdav_timetables.py - Skipped PDF file (keyword not found): Stundenplan WS_2024_2025_MBM 3.pdf (94)
2024-09-30 10:54:46,934 - download_webdav_timetables.py - Skipped PDF file (keyword not found): Stundenplan WS_2024_2025_MBM 5.pdf (94)
2024-09-30 10:54:46,934 - download_webdav_timetables.py - Skipped PDF file (keyword not found): Stundenplan WS_2024_2025_MBM 5.pdf (94)
2024-09-30 10:54:46,934 - download_webdav_timetables.py - Skipped PDF file (keyword not found): Stundenplan WS_2024_2025_ELM 3.pdf (94)
2024-09-30 10:54:46,934 - download_webdav_timetables.py - Skipped PDF file (keyword not found): Stundenplan WS_2024_2025_ELM 3.pdf (94)
2024-09-30 10:54:46,934 - download_webdav_timetables.py - Skipped PDF file (keyword not found): Stundenplan WS_2024_2025_ELM 1.pdf (94)
2024-09-30 10:54:46,934 - download_webdav_timetables.py - Skipped PDF file (keyword not found): Stundenplan WS_2024_2025_ELM 1.pdf (94)
2024-09-30 10:54:46,934 - download_webdav_timetables.py - Skipped PDF file (keyword not found): Stundenplan WS_2024_2025_WIM 1.pdf (94)
2024-09-30 10:54:46,934 - download_webdav_timetables.py - Skipped PDF file (keyword not found): Stundenplan WS_2024_2025_WIM 1.pdf (94)
2024-09-30 10:54:46,934 - download_webdav_timetables.py - Skipped PDF file (keyword not found): Stundenplan WS_2024_2025_MBM 7.pdf (94)
2024-09-30 10:54:46,934 - download_webdav_timetables.py - Skipped PDF file (keyword not found): Stundenplan WS_2024_2025_MBM 7.pdf (94)
2024-09-30 10:54:46,934 - download_webdav_timetables.py - Skipped PDF file (keyword not found): Stundenplan WS_2024_2025_WIM 3.pdf (94)
2024-09-30 10:54:46,934 - download_webdav_timetables.py - Skipped PDF file (keyword not found): Stundenplan WS_2024_2025_WIM 3.pdf (94)
2024-09-30 10:54:46,934 - download_webdav_timetables.py - Skipped PDF file (keyword not found): Stundenplan WS_2024_2025_WIM 5.pdf (94)
2024-09-30 10:54:46,934 - download_webdav_timetables.py - Skipped PDF file (keyword not found): Stundenplan WS_2024_2025_WIM 5.pdf (94)
2024-09-30 10:54:46,934 - download_webdav_timetables.py - Skipped PDF file (keyword not found): Stundenplan WS_2024_2025_WIM 7.pdf (94)
2024-09-30 10:54:46,934 - download_webdav_timetables.py - Skipped PDF file (keyword not found): Stundenplan WS_2024_2025_WIM 7.pdf (94)
2024-09-30 10:54:46,934 - download_webdav_timetables.py - Finished downloading timetables. (98)
2024-09-30 10:54:46,934 - download_webdav_timetables.py - Finished downloading timetables. (98)
2024-09-30 10:55:34,259 - update_timetable_google_api.py - Authenticated with Google Calendar API. (54)
2024-09-30 10:55:34,262 - __init__.py - file_cache is only supported with oauth2client<4.0.0 (49)
2024-09-30 10:56:35,183 - update_timetable_google_api.py - Authenticated with Google Calendar API. (54)
2024-09-30 10:56:35,186 - __init__.py - file_cache is only supported with oauth2client<4.0.0 (49)
2024-09-30 11:30:57,853 - update_timetable_google_api.py - Authenticated with Google Calendar API. (54)
2024-09-30 11:30:57,856 - __init__.py - file_cache is only supported with oauth2client<4.0.0 (49)
2024-09-30 11:30:57,857 - update_timetable_google_api.py - Found 136 events in the timetable. (182)
2024-09-30 11:30:57,866 - update_timetable_google_api.py - Fetching events between 2023-12-05 13:30:57.866399+02:00 and 2025-07-27 13:30:57.866417+02:00 (153)
2024-09-30 11:30:57,866 - update_timetable_google_api.py - Fetching events between 2023-12-05 13:30:57.866399+02:00 and 2025-07-27 13:30:57.866417+02:00 (62)
2024-09-30 11:30:58,067 - update_timetable_google_api.py - All events deleted successfully. (158)
2024-09-30 11:30:58,610 - update_timetable_google_api.py - Event created: Angewandte Informationstechnologie (128)
2024-09-30 11:30:59,135 - update_timetable_google_api.py - Event created: Angewandte Informationstechnologie (128)
2024-09-30 11:30:59,492 - update_timetable_google_api.py - Event created: Technische Mechanik 3 - Kinematik, u. Kinetik (128)
2024-09-30 11:30:59,882 - update_timetable_google_api.py - Event created: Technische Mechanik 3 - Kinematik, u. Kinetik (128)
2024-09-30 11:31:00,251 - update_timetable_google_api.py - Event created: Regelungstechnik (128)
2024-09-30 11:31:00,812 - update_timetable_google_api.py - Event created: Regelungstechnik (128)
2024-09-30 11:31:01,194 - update_timetable_google_api.py - Event created: Industriebetriebslehre (128)
2024-09-30 11:31:01,734 - update_timetable_google_api.py - Event created: Industriebetriebslehre (128)
2024-09-30 11:31:02,114 - update_timetable_google_api.py - Event created: Messtechnik u. Sensorik (128)
2024-09-30 11:31:02,669 - update_timetable_google_api.py - Event created: Messtechnik u. Sensorik (128)
2024-09-30 11:31:03,298 - update_timetable_google_api.py - Event created: Analogelektronik (128)
2024-09-30 11:31:03,933 - update_timetable_google_api.py - Event created: Analogelektronik (128)
2024-09-30 11:31:04,257 - update_timetable_google_api.py - Event created: Technische Mechanik 3 - Kinematik, u. Kinetik (128)
2024-09-30 11:31:04,564 - update_timetable_google_api.py - Event created: Technische Mechanik 3 - Kinematik, u. Kinetik (128)
2024-09-30 11:31:05,137 - update_timetable_google_api.py - Event created: Angewandte Informationstechnologie (128)
2024-09-30 11:31:05,647 - update_timetable_google_api.py - Event created: Angewandte Informationstechnologie (128)
2024-09-30 11:31:05,943 - update_timetable_google_api.py - Event created: Regelungstechnik (128)
2024-09-30 11:31:06,285 - update_timetable_google_api.py - Event created: Regelungstechnik (128)
2024-09-30 11:31:06,787 - update_timetable_google_api.py - Event created: Industriebetriebslehre (128)
2024-09-30 11:31:07,114 - update_timetable_google_api.py - Event created: Industriebetriebslehre (128)
2024-09-30 11:31:07,414 - update_timetable_google_api.py - Event created: Industriebetriebslehre (128)
2024-09-30 11:31:07,786 - update_timetable_google_api.py - Event created: Industriebetriebslehre (128)
2024-09-30 11:31:08,167 - update_timetable_google_api.py - Event created: Angewandte Informationstechnologie (128)
2024-09-30 11:31:08,671 - update_timetable_google_api.py - Event created: Angewandte Informationstechnologie (128)
2024-09-30 11:31:09,113 - update_timetable_google_api.py - Event created: Analogelektronik (128)
2024-09-30 11:31:09,585 - update_timetable_google_api.py - Event created: Analogelektronik (128)
2024-09-30 11:31:09,976 - update_timetable_google_api.py - Event created: Technische Mechanik 3 - Kinematik, u. Kinetik (128)
2024-09-30 11:31:10,496 - update_timetable_google_api.py - Event created: Technische Mechanik 3 - Kinematik, u. Kinetik (128)
2024-09-30 11:31:10,791 - update_timetable_google_api.py - Event created: Messtechnik u. Sensorik (128)
2024-09-30 11:31:11,248 - update_timetable_google_api.py - Event created: Messtechnik u. Sensorik (128)
2024-09-30 11:31:11,706 - update_timetable_google_api.py - Event created: Regelungstechnik (128)
2024-09-30 11:31:12,110 - update_timetable_google_api.py - Event created: Regelungstechnik (128)
2024-09-30 11:31:12,657 - update_timetable_google_api.py - Event created: Regelungstechnik, Praktikum 1, Gr. A (128)
2024-09-30 11:31:13,087 - update_timetable_google_api.py - Event created: Regelungstechnik, Praktikum 1, Gr. A (128)
2024-09-30 11:31:13,660 - update_timetable_google_api.py - Event created: Analogelektronik (128)
2024-09-30 11:31:14,125 - update_timetable_google_api.py - Event created: Analogelektronik (128)
2024-09-30 11:31:14,493 - update_timetable_google_api.py - Event created: Messtechnik u. Sensorik (128)
2024-09-30 11:31:14,842 - update_timetable_google_api.py - Event created: Messtechnik u. Sensorik (128)
2024-09-30 11:31:15,347 - update_timetable_google_api.py - Event created: Regelungstechnik, Praktikum 1, Gr. B (128)
2024-09-30 11:31:15,700 - update_timetable_google_api.py - Event created: Regelungstechnik, Praktikum 1, Gr. B (128)
2024-09-30 11:31:16,325 - update_timetable_google_api.py - Event created: Technische Mechanik 3 - Kinematik, u. Kinetik (128)
2024-09-30 11:31:16,832 - update_timetable_google_api.py - Event created: Technische Mechanik 3 - Kinematik, u. Kinetik (128)
2024-09-30 11:31:17,348 - update_timetable_google_api.py - Event created: Messtechnik u. Sensorik, Praktikum 1 (128)
2024-09-30 11:31:17,942 - update_timetable_google_api.py - Event created: Messtechnik u. Sensorik, Praktikum 1 (128)
2024-09-30 11:31:18,272 - update_timetable_google_api.py - Event created: Analogelektronik, Praktikum 1 (128)
2024-09-30 11:31:18,609 - update_timetable_google_api.py - Event created: Analogelektronik, Praktikum 1 (128)
2024-09-30 11:31:19,100 - update_timetable_google_api.py - Event created: Angewandte Informationstechnologie (128)
2024-09-30 11:31:19,584 - update_timetable_google_api.py - Event created: Angewandte Informationstechnologie (128)
2024-09-30 11:31:20,046 - update_timetable_google_api.py - Event created: Industriebetriebslehre (128)
2024-09-30 11:31:20,542 - update_timetable_google_api.py - Event created: Industriebetriebslehre (128)
2024-09-30 11:31:20,887 - update_timetable_google_api.py - Event created: Regelungstechnik (128)
2024-09-30 11:31:21,242 - update_timetable_google_api.py - Event created: Regelungstechnik (128)
2024-09-30 11:31:21,602 - update_timetable_google_api.py - Event created: Messtechnik u. Sensorik (128)
2024-09-30 11:31:21,895 - update_timetable_google_api.py - Event created: Messtechnik u. Sensorik (128)
2024-09-30 11:31:22,265 - update_timetable_google_api.py - Event created: Industriebetriebslehre (128)
2024-09-30 11:31:22,574 - update_timetable_google_api.py - Event created: Industriebetriebslehre (128)
2024-09-30 11:31:22,992 - update_timetable_google_api.py - Event created: Analogelektronik (128)
2024-09-30 11:31:23,281 - update_timetable_google_api.py - Event created: Analogelektronik (128)
2024-09-30 11:31:23,638 - update_timetable_google_api.py - Event created: Technische Mechanik 3 - Kinematik, u. Kinetik (128)
2024-09-30 11:31:24,151 - update_timetable_google_api.py - Event created: Technische Mechanik 3 - Kinematik, u. Kinetik (128)
2024-09-30 11:31:24,514 - update_timetable_google_api.py - Event created: Angewandte Informationstechnologie (128)
2024-09-30 11:31:25,003 - update_timetable_google_api.py - Event created: Angewandte Informationstechnologie (128)
2024-09-30 11:31:25,319 - update_timetable_google_api.py - Event created: Regelungstechnik (128)
2024-09-30 11:31:25,680 - update_timetable_google_api.py - Event created: Regelungstechnik (128)
2024-09-30 11:31:26,002 - update_timetable_google_api.py - Event created: Regelungstechnik (128)
2024-09-30 11:31:26,471 - update_timetable_google_api.py - Event created: Regelungstechnik (128)
2024-09-30 11:31:26,819 - update_timetable_google_api.py - Event created: Messtechnik u. Sensorik (128)
2024-09-30 11:31:27,150 - update_timetable_google_api.py - Event created: Messtechnik u. Sensorik (128)
2024-09-30 11:31:27,497 - update_timetable_google_api.py - Event created: Industriebetriebslehre (128)
2024-09-30 11:31:28,122 - update_timetable_google_api.py - Event created: Industriebetriebslehre (128)
2024-09-30 11:31:28,487 - update_timetable_google_api.py - Event created: Technische Mechanik 3 - Kinematik, u. Kinetik (128)
2024-09-30 11:31:28,861 - update_timetable_google_api.py - Event created: Technische Mechanik 3 - Kinematik, u. Kinetik, Andrae (128)
2024-09-30 11:31:29,236 - update_timetable_google_api.py - Event created: Analogelektronik (128)
2024-09-30 11:31:29,708 - update_timetable_google_api.py - Event created: Analogelektronik (128)
2024-09-30 11:31:30,258 - update_timetable_google_api.py - Event created: Analogelektronik, Praktikum 2 (128)
2024-09-30 11:31:30,574 - update_timetable_google_api.py - Event created: Analogelektronik, Praktikum 2 (128)
2024-09-30 11:31:31,052 - update_timetable_google_api.py - Event created: Angewandte Informationstechnologie (128)
2024-09-30 11:31:31,436 - update_timetable_google_api.py - Event created: Angewandte Informationstechnologie (128)
2024-09-30 11:31:31,801 - update_timetable_google_api.py - Event created: Industriebetriebslehre (128)
2024-09-30 11:31:32,223 - update_timetable_google_api.py - Event created: Industriebetriebslehre (128)
2024-09-30 11:31:32,587 - update_timetable_google_api.py - Event created: Messtechnik u. Sensorik (128)
2024-09-30 11:31:33,035 - update_timetable_google_api.py - Event created: Messtechnik u. Sensorik (128)
2024-09-30 11:31:33,359 - update_timetable_google_api.py - Event created: Analogelektronik (128)
2024-09-30 11:31:33,730 - update_timetable_google_api.py - Event created: Analogelektronik (128)
2024-09-30 11:31:34,061 - update_timetable_google_api.py - Event created: Technische Mechanik 3 - Kinematik, u. Kinetik (128)
2024-09-30 11:31:34,365 - update_timetable_google_api.py - Event created: Technische Mechanik 3 - Kinematik, u. Kinetik (128)
2024-09-30 11:31:34,669 - update_timetable_google_api.py - Event created: Angewandte Informationstechnologie (128)
2024-09-30 11:31:35,018 - update_timetable_google_api.py - Event created: Angewandte Informationstechnologie (128)
2024-09-30 11:31:35,499 - update_timetable_google_api.py - Event created: Industriebetriebslehre (128)
2024-09-30 11:31:36,033 - update_timetable_google_api.py - Event created: Industriebetriebslehre (128)
2024-09-30 11:31:36,367 - update_timetable_google_api.py - Event created: Regelungstechnik, Praktikum 2, Gr. A (128)
2024-09-30 11:31:36,802 - update_timetable_google_api.py - Event created: Regelungstechnik, Praktikum 2, Gr. A (128)
2024-09-30 11:31:37,133 - update_timetable_google_api.py - Event created: Regelungstechnik, Praktikum 2, Gr. B (128)
2024-09-30 11:31:37,580 - update_timetable_google_api.py - Event created: Regelungstechnik, Praktikum 2, Gr. B (128)
2024-09-30 11:31:37,905 - update_timetable_google_api.py - Event created: Regelungstechnik (128)
2024-09-30 11:31:38,226 - update_timetable_google_api.py - Event created: Regelungstechnik (128)
2024-09-30 11:31:38,812 - update_timetable_google_api.py - Event created: Messtechnik u. Sensorik (128)
2024-09-30 11:31:39,364 - update_timetable_google_api.py - Event created: Messtechnik u. Sensorik (128)
2024-09-30 11:31:40,072 - update_timetable_google_api.py - Event created: Analogelektronik (128)
2024-09-30 11:31:40,534 - update_timetable_google_api.py - Event created: Analogelektronik (128)
2024-09-30 11:31:41,010 - update_timetable_google_api.py - Event created: Technische Mechanik 3 - Kinematik, u. Kinetik (128)
2024-09-30 11:31:41,352 - update_timetable_google_api.py - Event created: Technische Mechanik 3 - Kinematik, u. Kinetik (128)
2024-09-30 11:31:41,671 - update_timetable_google_api.py - Event created: Messtechnik u. Sensorik, Praktikum 2 (128)
2024-09-30 11:31:42,111 - update_timetable_google_api.py - Event created: Messtechnik u. Sensorik, Praktikum 2 (128)
2024-09-30 11:31:42,582 - update_timetable_google_api.py - Event created: Angewandte Informationstechnologie (128)
2024-09-30 11:31:43,204 - update_timetable_google_api.py - Event created: Angewandte Informationstechnologie (128)
2024-09-30 11:31:43,579 - update_timetable_google_api.py - Event created: Regelungstechnik (128)
2024-09-30 11:31:43,905 - update_timetable_google_api.py - Event created: Regelungstechnik (128)
2024-09-30 11:31:44,205 - update_timetable_google_api.py - Event created: Industriebetriebslehre (128)
2024-09-30 11:31:44,692 - update_timetable_google_api.py - Event created: Industriebetriebslehre (128)
2024-09-30 11:31:44,961 - update_timetable_google_api.py - Event created: Regelungstechnik, Praktikum 3, Gr. A (128)
2024-09-30 11:31:45,257 - update_timetable_google_api.py - Event created: Regelungstechnik, Praktikum 3, Gr. A (128)
2024-09-30 11:31:45,774 - update_timetable_google_api.py - Event created: Messtechnik u. Sensorik (128)
2024-09-30 11:31:46,171 - update_timetable_google_api.py - Event created: Messtechnik u. Sensorik (128)
2024-09-30 11:31:46,548 - update_timetable_google_api.py - Event created: Analogelektronik (128)
2024-09-30 11:31:46,851 - update_timetable_google_api.py - Event created: Analogelektronik (128)
2024-09-30 11:31:47,234 - update_timetable_google_api.py - Event created: Technische Mechanik 3 - Kinematik, u. Kinetik (128)
2024-09-30 11:31:47,724 - update_timetable_google_api.py - Event created: Technische Mechanik 3 - Kinematik, u. Kinetik (128)
2024-09-30 11:31:48,101 - update_timetable_google_api.py - Event created: Messtechnik u. Sensorik, Praktikum 3 (128)
2024-09-30 11:31:48,668 - update_timetable_google_api.py - Event created: Messtechnik u. Sensorik, Praktikum 3 (128)
2024-09-30 11:31:48,974 - update_timetable_google_api.py - Event created: Analogelektronik, Praktikum 3 (128)
2024-09-30 11:31:49,269 - update_timetable_google_api.py - Event created: Analogelektronik, Praktikum 3 (128)
2024-09-30 11:31:49,842 - update_timetable_google_api.py - Event created: Angewandte Informationstechnologie (128)
2024-09-30 11:31:50,169 - update_timetable_google_api.py - Event created: Angewandte Informationstechnologie (128)
2024-09-30 11:31:50,753 - update_timetable_google_api.py - Event created: Angewandte Informationstechnologie (128)
2024-09-30 11:31:51,021 - update_timetable_google_api.py - Event created: Angewandte Informationstechnologie (128)
2024-09-30 11:31:51,374 - update_timetable_google_api.py - Event created: Regelungstechnik, Praktikum 3, Gr. B (128)
2024-09-30 11:31:51,657 - update_timetable_google_api.py - Event created: Regelungstechnik, Praktikum 3, Gr. B (128)
2024-09-30 11:31:52,109 - update_timetable_google_api.py - Event created: Messtechnik u. Sensorik (128)
2024-09-30 11:31:52,468 - update_timetable_google_api.py - Event created: Messtechnik u. Sensorik (128)
2024-09-30 11:31:52,807 - update_timetable_google_api.py - Event created: Analogelektronik (128)
2024-09-30 11:31:53,219 - update_timetable_google_api.py - Event created: Analogelektronik (128)
2024-09-30 11:31:53,694 - update_timetable_google_api.py - Event created: Technische Mechanik 3 - Kinematik, u. Kinetik (128)
2024-09-30 11:31:54,010 - update_timetable_google_api.py - Event created: Technische Mechanik 3 - Kinematik, u. Kinetik (128)
2024-09-30 11:31:54,520 - update_timetable_google_api.py - Event created: Analogelektronik, Praktikum 4 (128)
2024-09-30 11:31:55,165 - update_timetable_google_api.py - Event created: Analogelektronik, Praktikum 4 (128)
